# JRE version: Java(TM) SE Runtime Environment (8.0_05-b13) (build 1.8.0_05-b13)
# Java VM: Java HotSpot(TM) Client VM (25.5-b02 mixed mode, sharing windows-x86 )
Heap:
 def new generation   total 8128K, used 6059K [0x0f200000, 0x0fad0000, 0x14750000)
  eden space 7232K,  71% used [0x0f200000, 0x0f70aeb0, 0x0f910000)
  from space 896K, 100% used [0x0f910000, 0x0f9f0000, 0x0f9f0000)
  to   space 896K,   0% used [0x0f9f0000, 0x0f9f0000, 0x0fad0000)
 tenured generation   total 17940K, used 11420K [0x14750000, 0x158d5000, 0x1f200000)
   the space 17940K,  63% used [0x14750000, 0x15277078, 0x15277200, 0x158d5000)
 Metaspace       used 4942K, capacity 5341K, committed 5376K, reserved 5504K
GC Heap History (10 events):
Event: 0.708 GC heap before
{Heap before GC invocations=6 (full 0):
 def new generation   total 4928K, used 4643K [0x0f200000, 0x0f750000, 0x14750000)
  eden space 4416K, 100% used [0x0f200000, 0x0f650000, 0x0f650000)
  from space 512K,  44% used [0x0f650000, 0x0f688c70, 0x0f6d0000)
  to   space 512K,   0% used [0x0f6d0000, 0x0f6d0000, 0x0f750000)
 tenured generation   total 10944K, used 9943K [0x14750000, 0x15200000, 0x1f200000)
   the space 10944K,  90% used [0x14750000, 0x15105c00, 0x15105c00, 0x15200000)
 Metaspace       used 2825K, capacity 4228K, committed 4288K, reserved 4480K
Event: 0.709 GC heap after
Heap after GC invocations=7 (full 0):
 def new generation   total 4928K, used 253K [0x0f200000, 0x0f750000, 0x14750000)
  eden space 4416K,   0% used [0x0f200000, 0x0f200000, 0x0f650000)
  from space 512K,  49% used [0x0f6d0000, 0x0f70f510, 0x0f750000)
  to   space 512K,   0% used [0x0f650000, 0x0f650000, 0x0f6d0000)
 tenured generation   total 10944K, used 9943K [0x14750000, 0x15200000, 0x1f200000)
   the space 10944K,  90% used [0x14750000, 0x15105c00, 0x15105c00, 0x15200000)
 Metaspace       used 2825K, capacity 4228K, committed 4288K, reserved 4480K
}
Event: 4.998 GC heap before
{Heap before GC invocations=7 (full 0):
 def new generation   total 4928K, used 4669K [0x0f200000, 0x0f750000, 0x14750000)
  eden space 4416K, 100% used [0x0f200000, 0x0f650000, 0x0f650000)
  from space 512K,  49% used [0x0f6d0000, 0x0f70f510, 0x0f750000)
  to   space 512K,   0% used [0x0f650000, 0x0f650000, 0x0f6d0000)
 tenured generation   total 10944K, used 9943K [0x14750000, 0x15200000, 0x1f200000)
   the space 10944K,  90% used [0x14750000, 0x15105c00, 0x15105c00, 0x15200000)
 Metaspace       used 3528K, capacity 4235K, committed 4288K, reserved 4480K
Event: 5.004 GC heap after
Heap after GC invocations=8 (full 0):
 def new generation   total 4928K, used 512K [0x0f200000, 0x0f750000, 0x14750000)
  eden space 4416K,   0% used [0x0f200000, 0x0f200000, 0x0f650000)
  from space 512K, 100% used [0x0f650000, 0x0f6d0000, 0x0f6d0000)
  to   space 512K,   0% used [0x0f6d0000, 0x0f6d0000, 0x0f750000)
 tenured generation   total 10944K, used 10615K [0x14750000, 0x15200000, 0x1f200000)
   the space 10944K,  97% used [0x14750000, 0x151adfe0, 0x151ae000, 0x15200000)
 Metaspace       used 3528K, capacity 4235K, committed 4288K, reserved 4480K
}
Event: 6.279 GC heap before
{Heap before GC invocations=8 (full 0):
 def new generation   total 4928K, used 4928K [0x0f200000, 0x0f750000, 0x14750000)
  eden space 4416K, 100% used [0x0f200000, 0x0f650000, 0x0f650000)
  from space 512K, 100% used [0x0f650000, 0x0f6d0000, 0x0f6d0000)
  to   space 512K,   0% used [0x0f6d0000, 0x0f6d0000, 0x0f750000)
 tenured generation   total 10944K, used 10615K [0x14750000, 0x15200000, 0x1f200000)
   the space 10944K,  97% used [0x14750000, 0x151adfe0, 0x151ae000, 0x15200000)
 Metaspace       used 3712K, capacity 4363K, committed 4416K, reserved 4480K
Event: 6.296 GC heap after
Heap after GC invocations=9 (full 1):
 def new generation   total 8128K, used 0K [0x0f200000, 0x0fad0000, 0x14750000)
  eden space 7232K,   0% used [0x0f200000, 0x0f200000, 0x0f910000)
  from space 896K,   0% used [0x0f910000, 0x0f910000, 0x0f9f0000)
  to   space 896K,   0% used [0x0f9f0000, 0x0f9f0000, 0x0fad0000)
 tenured generation   total 17940K, used 10762K [0x14750000, 0x158d5000, 0x1f200000)
   the space 17940K,  59% used [0x14750000, 0x151d2910, 0x151d2a00, 0x158d5000)
 Metaspace       used 3712K, capacity 4363K, committed 4416K, reserved 4480K
}
Event: 6.406 GC heap before
{Heap before GC invocations=9 (full 1):
 def new generation   total 8128K, used 7232K [0x0f200000, 0x0fad0000, 0x14750000)
  eden space 7232K, 100% used [0x0f200000, 0x0f910000, 0x0f910000)
  from space 896K,   0% used [0x0f910000, 0x0f910000, 0x0f9f0000)
  to   space 896K,   0% used [0x0f9f0000, 0x0f9f0000, 0x0fad0000)
 tenured generation   total 17940K, used 10762K [0x14750000, 0x158d5000, 0x1f200000)
   the space 17940K,  59% used [0x14750000, 0x151d2910, 0x151d2a00, 0x158d5000)
 Metaspace       used 3753K, capacity 4395K, committed 4416K, reserved 4480K
Event: 6.407 GC heap after
Heap after GC invocations=10 (full 1):
 def new generation   total 8128K, used 167K [0x0f200000, 0x0fad0000, 0x14750000)
  eden space 7232K,   0% used [0x0f200000, 0x0f200000, 0x0f910000)
  from space 896K,  18% used [0x0f9f0000, 0x0fa19e30, 0x0fad0000)
  to   space 896K,   0% used [0x0f910000, 0x0f910000, 0x0f9f0000)
 tenured generation   total 17940K, used 10762K [0x14750000, 0x158d5000, 0x1f200000)
   the space 17940K,  59% used [0x14750000, 0x151d2910, 0x151d2a00, 0x158d5000)
 Metaspace       used 3753K, capacity 4395K, committed 4416K, reserved 4480K
}
Event: 6.606 GC heap before
{Heap before GC invocations=10 (full 1):
 def new generation   total 8128K, used 7399K [0x0f200000, 0x0fad0000, 0x14750000)
  eden space 7232K, 100% used [0x0f200000, 0x0f910000, 0x0f910000)
  from space 896K,  18% used [0x0f9f0000, 0x0fa19e30, 0x0fad0000)
  to   space 896K,   0% used [0x0f910000, 0x0f910000, 0x0f9f0000)
 tenured generation   total 17940K, used 10762K [0x14750000, 0x158d5000, 0x1f200000)
   the space 17940K,  59% used [0x14750000, 0x151d2910, 0x151d2a00, 0x158d5000)
 Metaspace       used 4600K, capacity 5131K, committed 5248K, reserved 5504K
Event: 6.609 GC heap after
Heap after GC invocations=11 (full 1):
 def new generation   total 8128K, used 896K [0x0f200000, 0x0fad0000, 0x14750000)
  eden space 7232K,   0% used [0x0f200000, 0x0f200000, 0x0f910000)
  from space 896K, 100% used [0x0f910000, 0x0f9f0000, 0x0f9f0000)
  to   space 896K,   0% used [0x0f9f0000, 0x0f9f0000, 0x0fad0000)
 tenured generation   total 17940K, used 11420K [0x14750000, 0x158d5000, 0x1f200000)
   the space 17940K,  63% used [0x14750000, 0x15277078, 0x15277200, 0x158d5000)
 Metaspace       used 4600K, capacity 5131K, committed 5248K, reserved 5504K
}

